<?xml version="1.0" encoding="UTF-8"?>
<!-- Generated by org.testng.reporters.JUnitReportReporter -->
<testsuite hostname="LAPTOP-H6MNQP0B" failures="0" tests="1" name="TestCases.TCAddToCart" time="54.300" errors="0" timestamp="2023-03-11T17:19:05 IST" skipped="0">
  <testcase classname="TestCases.TCAddToCart" name="testFCFunctionality" time="54.300"/>
  <system-out/>
</testsuite> <!-- TestCases.TCAddToCart -->
