<?xml version="1.0" encoding="UTF-8"?>
<!-- Generated by org.testng.reporters.JUnitReportReporter -->
<testsuite hostname="LAPTOP-H6MNQP0B" failures="0" tests="1" name="TestCases.HomeAppliances" time="26.141" errors="0" timestamp="2023-03-11T18:10:10 IST" skipped="0">
  <testcase classname="TestCases.HomeAppliances" name="HomeAppliancesAddingToCart" time="26.141"/>
  <system-out/>
</testsuite> <!-- TestCases.HomeAppliances -->
